# JRE version: OpenJDK Runtime Environment (8.0_212-b04) (build 1.8.0_212-release-1586-b04)
# Java VM: OpenJDK 64-Bit Server VM (25.212-b04 mixed mode windows-amd64 compressed oops)
Heap:
 PSYoungGen      total 456192K, used 436118K [0x00000000e0000000, 0x0000000100000000, 0x0000000100000000)
  eden space 393216K, 100% used [0x00000000e0000000,0x00000000f8000000,0x00000000f8000000)
  from space 62976K, 68% used [0x00000000fc180000,0x00000000feb659a8,0x00000000fff00000)
  to   space 65536K, 52% used [0x00000000f8000000,0x00000000fa1a8688,0x00000000fc000000)
 ParOldGen       total 203264K, used 90963K [0x00000000a0000000, 0x00000000ac680000, 0x00000000e0000000)
  object space 203264K, 44% used [0x00000000a0000000,0x00000000a58d4cb0,0x00000000ac680000)
 Metaspace       used 91535K, capacity 95542K, committed 95768K, reserved 1132544K
  class space    used 11680K, capacity 12476K, committed 12568K, reserved 1048576K
GC Heap History (10 events):
Event: 694.150 GC heap after
Heap after GC invocations=24 (full 4):
 PSYoungGen      total 364032K, used 13331K [0x00000000e0000000, 0x00000000f9380000, 0x0000000100000000)
  eden space 332288K, 0% used [0x00000000e0000000,0x00000000e0000000,0x00000000f4480000)
  from space 31744K, 41% used [0x00000000f7480000,0x00000000f8184c60,0x00000000f9380000)
  to   space 40448K, 0% used [0x00000000f4480000,0x00000000f4480000,0x00000000f6c00000)
 ParOldGen       total 203264K, used 60181K [0x00000000a0000000, 0x00000000ac680000, 0x00000000e0000000)
  object space 203264K, 29% used [0x00000000a0000000,0x00000000a3ac54d0,0x00000000ac680000)
 Metaspace       used 89513K, capacity 93018K, committed 93336K, reserved 1130496K
  class space    used 11533K, capacity 12270K, committed 12440K, reserved 1048576K
}
Event: 703.086 GC heap before
{Heap before GC invocations=25 (full 4):
 PSYoungGen      total 364032K, used 345619K [0x00000000e0000000, 0x00000000f9380000, 0x0000000100000000)
  eden space 332288K, 100% used [0x00000000e0000000,0x00000000f4480000,0x00000000f4480000)
  from space 31744K, 41% used [0x00000000f7480000,0x00000000f8184c60,0x00000000f9380000)
  to   space 40448K, 0% used [0x00000000f4480000,0x00000000f4480000,0x00000000f6c00000)
 ParOldGen       total 203264K, used 60181K [0x00000000a0000000, 0x00000000ac680000, 0x00000000e0000000)
  object space 203264K, 29% used [0x00000000a0000000,0x00000000a3ac54d0,0x00000000ac680000)
 Metaspace       used 90579K, capacity 94238K, committed 94360K, reserved 1130496K
  class space    used 11622K, capacity 12380K, committed 12440K, reserved 1048576K
Event: 703.132 GC heap after
Heap after GC invocations=25 (full 4):
 PSYoungGen      total 372736K, used 21872K [0x00000000e0000000, 0x00000000fb480000, 0x0000000100000000)
  eden space 332288K, 0% used [0x00000000e0000000,0x00000000e0000000,0x00000000f4480000)
  from space 40448K, 54% used [0x00000000f4480000,0x00000000f59dc0f8,0x00000000f6c00000)
  to   space 39936K, 0% used [0x00000000f8d80000,0x00000000f8d80000,0x00000000fb480000)
 ParOldGen       total 203264K, used 60189K [0x00000000a0000000, 0x00000000ac680000, 0x00000000e0000000)
  object space 203264K, 29% used [0x00000000a0000000,0x00000000a3ac74d0,0x00000000ac680000)
 Metaspace       used 90579K, capacity 94238K, committed 94360K, reserved 1130496K
  class space    used 11622K, capacity 12380K, committed 12440K, reserved 1048576K
}
Event: 707.329 GC heap before
{Heap before GC invocations=26 (full 4):
 PSYoungGen      total 372736K, used 354160K [0x00000000e0000000, 0x00000000fb480000, 0x0000000100000000)
  eden space 332288K, 100% used [0x00000000e0000000,0x00000000f4480000,0x00000000f4480000)
  from space 40448K, 54% used [0x00000000f4480000,0x00000000f59dc0f8,0x00000000f6c00000)
  to   space 39936K, 0% used [0x00000000f8d80000,0x00000000f8d80000,0x00000000fb480000)
 ParOldGen       total 203264K, used 60189K [0x00000000a0000000, 0x00000000ac680000, 0x00000000e0000000)
  object space 203264K, 29% used [0x00000000a0000000,0x00000000a3ac74d0,0x00000000ac680000)
 Metaspace       used 90755K, capacity 94420K, committed 94616K, reserved 1132544K
  class space    used 11629K, capacity 12389K, committed 12440K, reserved 1048576K
Event: 707.450 GC heap after
Heap after GC invocations=26 (full 4):
 PSYoungGen      total 391680K, used 39931K [0x00000000e0000000, 0x00000000fe200000, 0x0000000100000000)
  eden space 351744K, 0% used [0x00000000e0000000,0x00000000e0000000,0x00000000f5780000)
  from space 39936K, 99% used [0x00000000f8d80000,0x00000000fb47edd0,0x00000000fb480000)
  to   space 55296K, 0% used [0x00000000f5780000,0x00000000f5780000,0x00000000f8d80000)
 ParOldGen       total 203264K, used 86162K [0x00000000a0000000, 0x00000000ac680000, 0x00000000e0000000)
  object space 203264K, 42% used [0x00000000a0000000,0x00000000a5424af0,0x00000000ac680000)
 Metaspace       used 90755K, capacity 94420K, committed 94616K, reserved 1132544K
  class space    used 11629K, capacity 12389K, committed 12440K, reserved 1048576K
}
Event: 780.574 GC heap before
{Heap before GC invocations=27 (full 4):
 PSYoungGen      total 391680K, used 391675K [0x00000000e0000000, 0x00000000fe200000, 0x0000000100000000)
  eden space 351744K, 100% used [0x00000000e0000000,0x00000000f5780000,0x00000000f5780000)
  from space 39936K, 99% used [0x00000000f8d80000,0x00000000fb47edd0,0x00000000fb480000)
  to   space 55296K, 0% used [0x00000000f5780000,0x00000000f5780000,0x00000000f8d80000)
 ParOldGen       total 203264K, used 86162K [0x00000000a0000000, 0x00000000ac680000, 0x00000000e0000000)
  object space 203264K, 42% used [0x00000000a0000000,0x00000000a5424af0,0x00000000ac680000)
 Metaspace       used 91311K, capacity 95234K, committed 95512K, reserved 1132544K
  class space    used 11672K, capacity 12462K, committed 12568K, reserved 1048576K
Event: 780.661 GC heap after
Heap after GC invocations=27 (full 4):
 PSYoungGen      total 407040K, used 51931K [0x00000000e0000000, 0x00000000fff00000, 0x0000000100000000)
  eden space 351744K, 0% used [0x00000000e0000000,0x00000000e0000000,0x00000000f5780000)
  from space 55296K, 93% used [0x00000000f5780000,0x00000000f8a36d18,0x00000000f8d80000)
  to   space 62976K, 0% used [0x00000000fc180000,0x00000000fc180000,0x00000000fff00000)
 ParOldGen       total 203264K, used 90955K [0x00000000a0000000, 0x00000000ac680000, 0x00000000e0000000)
  object space 203264K, 44% used [0x00000000a0000000,0x00000000a58d2cb0,0x00000000ac680000)
 Metaspace       used 91311K, capacity 95234K, committed 95512K, reserved 1132544K
  class space    used 11672K, capacity 12462K, committed 12568K, reserved 1048576K
}
Event: 785.138 GC heap before
{Heap before GC invocations=28 (full 4):
 PSYoungGen      total 407040K, used 403675K [0x00000000e0000000, 0x00000000fff00000, 0x0000000100000000)
  eden space 351744K, 100% used [0x00000000e0000000,0x00000000f5780000,0x00000000f5780000)
  from space 55296K, 93% used [0x00000000f5780000,0x00000000f8a36d18,0x00000000f8d80000)
  to   space 62976K, 0% used [0x00000000fc180000,0x00000000fc180000,0x00000000fff00000)
 ParOldGen       total 203264K, used 90955K [0x00000000a0000000, 0x00000000ac680000, 0x00000000e0000000)
  object space 203264K, 44% used [0x00000000a0000000,0x00000000a58d2cb0,0x00000000ac680000)
 Metaspace       used 91357K, capacity 95282K, committed 95512K, reserved 1132544K
  class space    used 11675K, capacity 12468K, committed 12568K, reserved 1048576K
Event: 785.210 GC heap after
Heap after GC invocations=28 (full 4):
 PSYoungGen      total 456192K, used 42902K [0x00000000e0000000, 0x0000000100000000, 0x0000000100000000)
  eden space 393216K, 0% used [0x00000000e0000000,0x00000000e0000000,0x00000000f8000000)
  from space 62976K, 68% used [0x00000000fc180000,0x00000000feb659a8,0x00000000fff00000)
  to   space 65536K, 0% used [0x00000000f8000000,0x00000000f8000000,0x00000000fc000000)
 ParOldGen       total 203264K, used 90963K [0x00000000a0000000, 0x00000000ac680000, 0x00000000e0000000)
  object space 203264K, 44% used [0x00000000a0000000,0x00000000a58d4cb0,0x00000000ac680000)
 Metaspace       used 91357K, capacity 95282K, committed 95512K, reserved 1132544K
  class space    used 11675K, capacity 12468K, committed 12568K, reserved 1048576K
}
Event: 839.523 GC heap before
{Heap before GC invocations=29 (full 4):
 PSYoungGen      total 456192K, used 436118K [0x00000000e0000000, 0x0000000100000000, 0x0000000100000000)
  eden space 393216K, 100% used [0x00000000e0000000,0x00000000f8000000,0x00000000f8000000)
  from space 62976K, 68% used [0x00000000fc180000,0x00000000feb659a8,0x00000000fff00000)
  to   space 65536K, 0% used [0x00000000f8000000,0x00000000f8000000,0x00000000fc000000)
 ParOldGen       total 203264K, used 90963K [0x00000000a0000000, 0x00000000ac680000, 0x00000000e0000000)
  object space 203264K, 44% used [0x00000000a0000000,0x00000000a58d4cb0,0x00000000ac680000)
 Metaspace       used 91535K, capacity 95542K, committed 95768K, reserved 1132544K
  class space    used 11680K, capacity 12476K, committed 12568K, reserved 1048576K

